[debug] [2026-01-27T11:31:26.684Z] > command requires scopes: ["email","openid","https://www.googleapis.com/auth/cloudplatformprojects.readonly","https://www.googleapis.com/auth/firebase","https://www.googleapis.com/auth/cloud-platform"]
[debug] [2026-01-27T11:31:26.686Z] > authorizing via signed-in user (lior.agnin@fuse.io)
[debug] [2026-01-27T11:31:26.687Z] > command requires scopes: ["email","openid","https://www.googleapis.com/auth/cloudplatformprojects.readonly","https://www.googleapis.com/auth/firebase","https://www.googleapis.com/auth/cloud-platform"]
[debug] [2026-01-27T11:31:26.687Z] > authorizing via signed-in user (lior.agnin@fuse.io)
[debug] [2026-01-27T11:31:26.702Z] > command requires scopes: ["email","openid","https://www.googleapis.com/auth/cloudplatformprojects.readonly","https://www.googleapis.com/auth/firebase","https://www.googleapis.com/auth/cloud-platform"]
[debug] [2026-01-27T11:31:26.703Z] > authorizing via signed-in user (lior.agnin@fuse.io)
[debug] [2026-01-27T11:31:26.975Z] Checked if tokens are valid: false, expires at: 1742895267190
[debug] [2026-01-27T11:31:26.975Z] Checked if tokens are valid: false, expires at: 1742895267190
[debug] [2026-01-27T11:31:26.976Z] > refreshing access token with scopes: []
[debug] [2026-01-27T11:31:26.977Z] >>> [apiv2][query] POST https://www.googleapis.com/oauth2/v3/token [none]
[debug] [2026-01-27T11:31:26.977Z] >>> [apiv2][body] POST https://www.googleapis.com/oauth2/v3/token [omitted]
[debug] [2026-01-27T11:31:26.994Z] Checked if tokens are valid: false, expires at: 1742895267190
[debug] [2026-01-27T11:31:26.994Z] Checked if tokens are valid: false, expires at: 1742895267190
[debug] [2026-01-27T11:31:26.994Z] > refreshing access token with scopes: []
[debug] [2026-01-27T11:31:26.994Z] >>> [apiv2][query] POST https://www.googleapis.com/oauth2/v3/token [none]
[debug] [2026-01-27T11:31:26.994Z] >>> [apiv2][body] POST https://www.googleapis.com/oauth2/v3/token [omitted]
[debug] [2026-01-27T11:31:26.997Z] Checked if tokens are valid: false, expires at: 1742895267190
[debug] [2026-01-27T11:31:26.997Z] Checked if tokens are valid: false, expires at: 1742895267190
[debug] [2026-01-27T11:31:26.997Z] > refreshing access token with scopes: []
[debug] [2026-01-27T11:31:26.998Z] >>> [apiv2][query] POST https://www.googleapis.com/oauth2/v3/token [none]
[debug] [2026-01-27T11:31:26.998Z] >>> [apiv2][body] POST https://www.googleapis.com/oauth2/v3/token [omitted]
[debug] [2026-01-27T11:31:27.259Z] <<< [apiv2][status] POST https://www.googleapis.com/oauth2/v3/token 400
[debug] [2026-01-27T11:31:27.259Z] <<< [apiv2][body] POST https://www.googleapis.com/oauth2/v3/token [omitted]
[debug] [2026-01-27T11:31:27.260Z] >>> [apiv2][query] GET https://serviceusage.googleapis.com/v1/projects//services/firebaseappdistribution.googleapis.com [none]
[debug] [2026-01-27T11:31:27.260Z] >>> [apiv2][(partial)header] GET https://serviceusage.googleapis.com/v1/projects//services/firebaseappdistribution.googleapis.com x-goog-quota-user=projects/
[debug] [2026-01-27T11:31:27.261Z] <<< [apiv2][status] POST https://www.googleapis.com/oauth2/v3/token 400
[debug] [2026-01-27T11:31:27.261Z] <<< [apiv2][body] POST https://www.googleapis.com/oauth2/v3/token [omitted]
[debug] [2026-01-27T11:31:27.261Z] >>> [apiv2][query] GET https://serviceusage.googleapis.com/v1/projects//services/firebaseappdistribution.googleapis.com [none]
[debug] [2026-01-27T11:31:27.261Z] >>> [apiv2][(partial)header] GET https://serviceusage.googleapis.com/v1/projects//services/firebaseappdistribution.googleapis.com x-goog-quota-user=projects/
[debug] [2026-01-27T11:31:27.272Z] <<< [apiv2][status] POST https://www.googleapis.com/oauth2/v3/token 400
[debug] [2026-01-27T11:31:27.272Z] <<< [apiv2][body] POST https://www.googleapis.com/oauth2/v3/token [omitted]
[debug] [2026-01-27T11:31:27.272Z] >>> [apiv2][query] GET https://serviceusage.googleapis.com/v1/projects//services/firebaseappdistribution.googleapis.com [none]
[debug] [2026-01-27T11:31:27.272Z] >>> [apiv2][(partial)header] GET https://serviceusage.googleapis.com/v1/projects//services/firebaseappdistribution.googleapis.com x-goog-quota-user=projects/
[debug] [2026-01-27T11:31:27.661Z] <<< [apiv2][status] GET https://serviceusage.googleapis.com/v1/projects//services/firebaseappdistribution.googleapis.com 401
[debug] [2026-01-27T11:31:27.661Z] <<< [apiv2][body] GET https://serviceusage.googleapis.com/v1/projects//services/firebaseappdistribution.googleapis.com [omitted]
[debug] [2026-01-27T11:31:27.661Z] Got a 401 Unauthenticated error for a call that required authentication. Refreshing tokens.
[debug] [2026-01-27T11:31:27.661Z] Checked if tokens are valid: false, expires at: 1742895267190
[debug] [2026-01-27T11:31:27.661Z] Checked if tokens are valid: false, expires at: 1742895267190
[debug] [2026-01-27T11:31:27.661Z] > refreshing access token with scopes: []
[debug] [2026-01-27T11:31:27.661Z] >>> [apiv2][query] POST https://www.googleapis.com/oauth2/v3/token [none]
[debug] [2026-01-27T11:31:27.661Z] >>> [apiv2][body] POST https://www.googleapis.com/oauth2/v3/token [omitted]
[debug] [2026-01-27T11:31:27.745Z] <<< [apiv2][status] POST https://www.googleapis.com/oauth2/v3/token 400
[debug] [2026-01-27T11:31:27.745Z] <<< [apiv2][body] POST https://www.googleapis.com/oauth2/v3/token [omitted]
[debug] [2026-01-27T11:31:27.747Z] > command requires scopes: ["email","openid","https://www.googleapis.com/auth/cloudplatformprojects.readonly","https://www.googleapis.com/auth/firebase","https://www.googleapis.com/auth/cloud-platform"]
[debug] [2026-01-27T11:31:27.747Z] > authorizing via signed-in user (lior.agnin@fuse.io)
[debug] [2026-01-27T11:31:28.233Z] > command requires scopes: ["email","openid","https://www.googleapis.com/auth/cloudplatformprojects.readonly","https://www.googleapis.com/auth/firebase","https://www.googleapis.com/auth/cloud-platform"]
[debug] [2026-01-27T11:31:28.233Z] > authorizing via signed-in user (lior.agnin@fuse.io)
[debug] [2026-01-27T11:31:28.233Z] <<< [apiv2][status] GET https://serviceusage.googleapis.com/v1/projects//services/firebaseappdistribution.googleapis.com 401
[debug] [2026-01-27T11:31:28.233Z] <<< [apiv2][body] GET https://serviceusage.googleapis.com/v1/projects//services/firebaseappdistribution.googleapis.com [omitted]
[debug] [2026-01-27T11:31:28.233Z] Got a 401 Unauthenticated error for a call that required authentication. Refreshing tokens.
[debug] [2026-01-27T11:31:28.234Z] Checked if tokens are valid: false, expires at: 1742895267190
[debug] [2026-01-27T11:31:28.234Z] Checked if tokens are valid: false, expires at: 1742895267190
[debug] [2026-01-27T11:31:28.234Z] > refreshing access token with scopes: []
[debug] [2026-01-27T11:31:28.234Z] >>> [apiv2][query] POST https://www.googleapis.com/oauth2/v3/token [none]
[debug] [2026-01-27T11:31:28.234Z] >>> [apiv2][body] POST https://www.googleapis.com/oauth2/v3/token [omitted]
[debug] [2026-01-27T11:31:28.234Z] <<< [apiv2][status] GET https://serviceusage.googleapis.com/v1/projects//services/firebaseappdistribution.googleapis.com 401
[debug] [2026-01-27T11:31:28.235Z] <<< [apiv2][body] GET https://serviceusage.googleapis.com/v1/projects//services/firebaseappdistribution.googleapis.com [omitted]
[debug] [2026-01-27T11:31:28.235Z] Got a 401 Unauthenticated error for a call that required authentication. Refreshing tokens.
[debug] [2026-01-27T11:31:28.235Z] Checked if tokens are valid: false, expires at: 1742895267190
[debug] [2026-01-27T11:31:28.235Z] Checked if tokens are valid: false, expires at: 1742895267190
[debug] [2026-01-27T11:31:28.235Z] > refreshing access token with scopes: []
[debug] [2026-01-27T11:31:28.235Z] >>> [apiv2][query] POST https://www.googleapis.com/oauth2/v3/token [none]
[debug] [2026-01-27T11:31:28.235Z] >>> [apiv2][body] POST https://www.googleapis.com/oauth2/v3/token [omitted]
[debug] [2026-01-27T11:31:28.321Z] <<< [apiv2][status] POST https://www.googleapis.com/oauth2/v3/token 400
[debug] [2026-01-27T11:31:28.321Z] <<< [apiv2][body] POST https://www.googleapis.com/oauth2/v3/token [omitted]
[debug] [2026-01-27T11:31:28.322Z] <<< [apiv2][status] POST https://www.googleapis.com/oauth2/v3/token 400
[debug] [2026-01-27T11:31:28.322Z] <<< [apiv2][body] POST https://www.googleapis.com/oauth2/v3/token [omitted]
[debug] [2026-01-27T11:31:28.323Z] > command requires scopes: ["email","openid","https://www.googleapis.com/auth/cloudplatformprojects.readonly","https://www.googleapis.com/auth/firebase","https://www.googleapis.com/auth/cloud-platform"]
[debug] [2026-01-27T11:31:28.323Z] > authorizing via signed-in user (lior.agnin@fuse.io)
[debug] [2026-01-27T11:31:28.380Z] > command requires scopes: ["email","openid","https://www.googleapis.com/auth/cloudplatformprojects.readonly","https://www.googleapis.com/auth/firebase","https://www.googleapis.com/auth/cloud-platform"]
[debug] [2026-01-27T11:31:28.380Z] > authorizing via signed-in user (lior.agnin@fuse.io)
